<?xml version="1.0" encoding="UTF-8"?>
<!-- Generated by org.testng.reporters.JUnitXMLReporter -->
<testsuite hostname="LAPTOP-JHCO5B84" ignored="0" name="Test_chrome" tests="5" failures="3" timestamp="2020-04-11T16:43:48 IST" time="91.909" errors="0">
  <testcase name="verifyVersion" time="37.354" classname="regressionTestScripts.VerifyActitimeVersion"/>
  <testcase name="verifyVersion" time="14.12" classname="regressionTestScripts.VerifyActitimeVersion"/>
  <testcase name="invalidLogin" time="6.011" classname="regressionTestScripts.InvalidLogin">
    <failure type="java.lang.AssertionError" message="null">
      <![CDATA[java.lang.AssertionError: null
at generic.Base_Page.verifyTitle(Base_Page.java:33)
at regressionTestScripts.InvalidLogin.invalidLogin(InvalidLogin.java:23)
at java.util.ArrayList.forEach(ArrayList.java:1234)
at java.util.concurrent.FutureTask.run(FutureTask.java:266)
at java.util.concurrent.ThreadPoolExecutor.runWorker(ThreadPoolExecutor.java:1142)
at java.util.concurrent.ThreadPoolExecutor$Worker.run(ThreadPoolExecutor.java:617)
at java.lang.Thread.run(Thread.java:744)
... Removed 22 stack frames]]>
    </failure>
  </testcase> <!-- invalidLogin -->
  <testcase name="invalidLogin" time="6.45" classname="regressionTestScripts.InvalidLogin">
    <failure type="java.lang.AssertionError" message="null">
      <![CDATA[java.lang.AssertionError: null
at generic.Base_Page.verifyTitle(Base_Page.java:33)
at regressionTestScripts.InvalidLogin.invalidLogin(InvalidLogin.java:23)
at java.util.ArrayList.forEach(ArrayList.java:1234)
at java.util.concurrent.FutureTask.run(FutureTask.java:266)
at java.util.concurrent.ThreadPoolExecutor.runWorker(ThreadPoolExecutor.java:1142)
at java.util.concurrent.ThreadPoolExecutor$Worker.run(ThreadPoolExecutor.java:617)
at java.lang.Thread.run(Thread.java:744)
... Removed 22 stack frames]]>
    </failure>
  </testcase> <!-- invalidLogin -->
  <testcase name="validloginlogout" time="8.085" classname="regressionTestScripts.ValidLoginLogout">
    <failure type="java.lang.AssertionError" message="null">
      <![CDATA[java.lang.AssertionError: null
at generic.Base_Page.verifyTitle(Base_Page.java:33)
at regressionTestScripts.ValidLoginLogout.validloginlogout(ValidLoginLogout.java:31)
at java.util.ArrayList.forEach(ArrayList.java:1234)
at java.util.concurrent.FutureTask.run(FutureTask.java:266)
at java.util.concurrent.ThreadPoolExecutor.runWorker(ThreadPoolExecutor.java:1142)
at java.util.concurrent.ThreadPoolExecutor$Worker.run(ThreadPoolExecutor.java:617)
at java.lang.Thread.run(Thread.java:744)
... Removed 22 stack frames]]>
    </failure>
  </testcase> <!-- validloginlogout -->
</testsuite> <!-- Test_chrome -->
